[    0.000000] Initializing cgroup subsys cpuset
[    0.000000] Initializing cgroup subsys cpu
[    0.000000] Initializing cgroup subsys cpuacct
[    0.000000] Linux version 4.4.0-98-generic (buildd@lcy01-03) (gcc version 5.4.0 20160609 (Ubuntu 5.4.0-6ubuntu1~16.04.4) ) #121-Ubuntu SMP Tue Oct 10 14:24:03 UTC 2017 (Ubuntu 4.4.0-98.121-generic 4.4.90)
[    0.000000] Command line: BOOT_IMAGE=/boot/vmlinuz-4.4.0-98-generic root=LABEL=cloudimg-rootfs ro console=tty1 console=ttyS0
[    0.000000] KERNEL supported cpus:
[    0.000000]   Intel GenuineIntel
[    0.000000]   AMD AuthenticAMD
[    0.000000]   Centaur CentaurHauls
[    0.000000] x86/fpu: Legacy x87 FPU detected.
[    0.000000] x86/fpu: Using 'lazy' FPU context switches.
[    0.000000] e820: BIOS-provided physical RAM map:
[    0.000000] BIOS-e820: [mem 0x0000000000000000-0x000000000009fbff] usable
[    0.000000] BIOS-e820: [mem 0x000000000009fc00-0x000000000009ffff] reserved
[    0.000000] BIOS-e820: [mem 0x00000000000f0000-0x00000000000fffff] reserved
[    0.000000] BIOS-e820: [mem 0x0000000000100000-0x000000007ffeffff] usable
[    0.000000] BIOS-e820: [mem 0x000000007fff0000-0x000000007fffffff] ACPI data
[    0.000000] BIOS-e820: [mem 0x00000000fec00000-0x00000000fec00fff] reserved
[    0.000000] BIOS-e820: [mem 0x00000000fee00000-0x00000000fee00fff] reserved
[    0.000000] BIOS-e820: [mem 0x00000000fffc0000-0x00000000ffffffff] reserved
[    0.000000] NX (Execute Disable) protection: active
[    0.000000] SMBIOS 2.5 present.
[    0.000000] Hypervisor detected: KVM
[    0.000000] e820: last_pfn = 0x7fff0 max_arch_pfn = 0x400000000
[    0.000000] MTRR: Disabled
[    0.000000] x86/PAT: MTRRs disabled, skipping PAT initialization too.
[    0.000000] CPU MTRRs all blank - virtualized system.
[    0.000000] x86/PAT: Configuration [0-7]: WB  WT  UC- UC  WB  WT  UC- UC  
[    0.000000] found SMP MP-table at [mem 0x0009fff0-0x0009ffff] mapped at [ffff88000009fff0]
[    0.000000] Scanning 1 areas for low memory corruption
[    0.000000] RAMDISK: [mem 0x36acc000-0x3755dfff]
[    0.000000] ACPI: Early table checksum verification disabled
[    0.000000] ACPI: RSDP 0x00000000000E0000 000024 (v02 VBOX  )
[    0.000000] ACPI: XSDT 0x000000007FFF0030 00003C (v01 VBOX   VBOXXSDT 00000001 ASL  00000061)
[    0.000000] ACPI: FACP 0x000000007FFF00F0 0000F4 (v04 VBOX   VBOXFACP 00000001 ASL  00000061)
[    0.000000] ACPI: DSDT 0x000000007FFF0470 0021FF (v02 VBOX   VBOXBIOS 00000002 INTL 20100528)
[    0.000000] ACPI: FACS 0x000000007FFF0200 000040
[    0.000000] ACPI: FACS 0x000000007FFF0200 000040
[    0.000000] ACPI: APIC 0x000000007FFF0240 00005C (v02 VBOX   VBOXAPIC 00000001 ASL  00000061)
[    0.000000] ACPI: SSDT 0x000000007FFF02A0 0001CC (v01 VBOX   VBOXCPUT 00000002 INTL 20100528)
[    0.000000] No NUMA configuration found
[    0.000000] Faking a node at [mem 0x0000000000000000-0x000000007ffeffff]
[    0.000000] NODE_DATA(0) allocated [mem 0x7ffeb000-0x7ffeffff]
[    0.000000] kvm-clock: Using msrs 4b564d01 and 4b564d00
[    0.000000] kvm-clock: cpu 0, msr 0:7ffe3001, primary cpu clock
[    0.000000] kvm-clock: using sched offset of 3390189831 cycles
[    0.000000] clocksource: kvm-clock: mask: 0xffffffffffffffff max_cycles: 0x1cd42e4dffb, max_idle_ns: 881590591483 ns
[    0.000000] Zone ranges:
[    0.000000]   DMA      [mem 0x0000000000001000-0x0000000000ffffff]
[    0.000000]   DMA32    [mem 0x0000000001000000-0x000000007ffeffff]
[    0.000000]   Normal   empty
[    0.000000]   Device   empty
[    0.000000] Movable zone start for each node
[    0.000000] Early memory node ranges
[    0.000000]   node   0: [mem 0x0000000000001000-0x000000000009efff]
[    0.000000]   node   0: [mem 0x0000000000100000-0x000000007ffeffff]
[    0.000000] Initmem setup node 0 [mem 0x0000000000001000-0x000000007ffeffff]
[    0.000000] ACPI: PM-Timer IO Port: 0x4008
[    0.000000] IOAPIC[0]: apic_id 2, version 32, address 0xfec00000, GSI 0-23
[    0.000000] ACPI: INT_SRC_OVR (bus 0 bus_irq 0 global_irq 2 dfl dfl)
[    0.000000] ACPI: INT_SRC_OVR (bus 0 bus_irq 9 global_irq 9 high level)
[    0.000000] Using ACPI (MADT) for SMP configuration information
[    0.000000] smpboot: Allowing 2 CPUs, 0 hotplug CPUs
[    0.000000] PM: Registered nosave memory: [mem 0x00000000-0x00000fff]
[    0.000000] PM: Registered nosave memory: [mem 0x0009f000-0x0009ffff]
[    0.000000] PM: Registered nosave memory: [mem 0x000a0000-0x000effff]
[    0.000000] PM: Registered nosave memory: [mem 0x000f0000-0x000fffff]
[    0.000000] e820: [mem 0x80000000-0xfebfffff] available for PCI devices
[    0.000000] Booting paravirtualized kernel on KVM
[    0.000000] clocksource: refined-jiffies: mask: 0xffffffff max_cycles: 0xffffffff, max_idle_ns: 7645519600211568 ns
[    0.000000] setup_percpu: NR_CPUS:512 nr_cpumask_bits:512 nr_cpu_ids:2 nr_node_ids:1
[    0.000000] PERCPU: Embedded 34 pages/cpu @ffff88007fc00000 s98328 r8192 d32744 u1048576
[    0.000000] PV qspinlock hash table entries: 256 (order: 0, 4096 bytes)
[    0.000000] Built 1 zonelists in Node order, mobility grouping on.  Total pages: 515961
[    0.000000] Policy zone: DMA32
[    0.000000] Kernel command line: BOOT_IMAGE=/boot/vmlinuz-4.4.0-98-generic root=LABEL=cloudimg-rootfs ro console=tty1 console=ttyS0
[    0.000000] PID hash table entries: 4096 (order: 3, 32768 bytes)
[    0.000000] Memory: 2033932K/2096696K available (8484K kernel code, 1294K rwdata, 3988K rodata, 1492K init, 1316K bss, 62764K reserved, 0K cma-reserved)
[    0.000000] SLUB: HWalign=64, Order=0-3, MinObjects=0, CPUs=2, Nodes=1
[    0.000000] Hierarchical RCU implementation.
[    0.000000] 	Build-time adjustment of leaf fanout to 64.
[    0.000000] 	RCU restricting CPUs from NR_CPUS=512 to nr_cpu_ids=2.
[    0.000000] RCU: Adjusting geometry for rcu_fanout_leaf=64, nr_cpu_ids=2
[    0.000000] NR_IRQS:33024 nr_irqs:440 16
[    0.000000] Console: colour VGA+ 80x25
[    0.000000] console [tty1] enabled
[    0.000000] console [ttyS0] enabled
[    0.000000] tsc: Detected 3191.980 MHz processor
[    0.519423] Calibrating delay loop (skipped) preset value.. 6383.96 BogoMIPS (lpj=12767920)
[    0.522138] pid_max: default: 32768 minimum: 301
[    0.524919] ACPI: Core revision 20150930
[    0.528569] ACPI: 2 ACPI AML tables successfully acquired and loaded
[    0.532855] Security Framework initialized
[    0.534526] Yama: becoming mindful.
[    0.537562] AppArmor: AppArmor initialized
[    0.556344] Dentry cache hash table entries: 262144 (order: 9, 2097152 bytes)
[    0.567684] Inode-cache hash table entries: 131072 (order: 8, 1048576 bytes)
[    0.571048] Mount-cache hash table entries: 4096 (order: 3, 32768 bytes)
[    0.593887] Mountpoint-cache hash table entries: 4096 (order: 3, 32768 bytes)
[    0.605040] Initializing cgroup subsys io
[    0.612460] Initializing cgroup subsys memory
[    0.615122] Initializing cgroup subsys devices
[    0.616469] Initializing cgroup subsys freezer
[    0.618004] Initializing cgroup subsys net_cls
[    0.621643] Initializing cgroup subsys perf_event
[    0.626648] Initializing cgroup subsys net_prio
[    0.630642] Initializing cgroup subsys hugetlb
[    0.635338] Initializing cgroup subsys pids
[    0.641838] CPU: Physical Processor ID: 0
[    0.643333] CPU: Processor Core ID: 0
[    0.644507] mce: CPU supports 0 MCE banks
[    0.647001] Last level iTLB entries: 4KB 512, 2MB 7, 4MB 7
[    0.651276] Last level dTLB entries: 4KB 512, 2MB 32, 4MB 32, 1GB 0
[    0.660777] Freeing SMP alternatives memory: 32K
[    0.675717] ftrace: allocating 32154 entries in 126 pages
[    0.739016] smpboot: APIC(0) Converting physical 0 to logical package 0
[    0.740874] smpboot: Max logical packages: 1
[    0.757209] x2apic enabled
[    0.758297] Switched APIC routing to physical x2apic.
[    0.767528] ..TIMER: vector=0x30 apic1=0 pin1=2 apic2=-1 pin2=-1
[    0.880660] smpboot: CPU0: Intel(R) Core(TM) i5 CPU         650  @ 3.20GHz (family: 0x6, model: 0x25, stepping: 0x5)
[    0.897905] Performance Events: unsupported p6 CPU model 37 no PMU driver, software events only.
[    0.902449] KVM setup paravirtual spinlock
[    0.907211] x86: Booting SMP configuration:
[    0.910417] .... node  #0, CPUs:      #1
[    0.916396] kvm-clock: cpu 1, msr 0:7ffe3041, secondary cpu clock
[    0.923592] mce: CPU supports 0 MCE banks
[    0.926408] x86: Booted up 1 node, 2 CPUs
[    0.928241] smpboot: Total of 2 processors activated (12767.92 BogoMIPS)
[    0.935348] devtmpfs: initialized
[    0.944311] evm: security.selinux
[    0.953920] evm: security.SMACK64
[    0.954957] evm: security.SMACK64EXEC
[    0.958195] evm: security.SMACK64TRANSMUTE
[    0.968417] evm: security.SMACK64MMAP
[    0.969524] evm: security.ima
[    0.970500] evm: security.capability
[    0.973182] clocksource: jiffies: mask: 0xffffffff max_cycles: 0xffffffff, max_idle_ns: 7645041785100000 ns
[    0.984830] futex hash table entries: 512 (order: 3, 32768 bytes)
[    1.000073] pinctrl core: initialized pinctrl subsystem
[    1.010077] RTC time: 15:40:36, date: 11/23/17
[    1.012629] NET: Registered protocol family 16
[    1.033828] cpuidle: using governor ladder
[    1.057352] cpuidle: using governor menu
[    1.071463] PCCT header not found.
[    1.072712] ACPI: bus type PCI registered
[    1.079321] acpiphp: ACPI Hot Plug PCI Controller Driver version: 0.5
[    1.085149] PCI: Using configuration type 1 for base access
[    1.110114] ACPI: Added _OSI(Module Device)
[    1.117032] ACPI: Added _OSI(Processor Device)
[    1.118379] ACPI: Added _OSI(3.0 _SCP Extensions)
[    1.119804] ACPI: Added _OSI(Processor Aggregator Device)
[    1.122371] ACPI: Executed 1 blocks of module-level executable AML code
[    1.141218] ACPI: Interpreter enabled
[    1.150518] ACPI: (supports S0 S5)
[    1.152463] ACPI: Using IOAPIC for interrupt routing
[    1.156423] PCI: Using host bridge windows from ACPI; if necessary, use "pci=nocrs" and report a bug
[    1.167635] ACPI: PCI Root Bridge [PCI0] (domain 0000 [bus 00-ff])
[    1.177613] acpi PNP0A03:00: _OSC: OS supports [ASPM ClockPM Segments MSI]
[    1.185214] acpi PNP0A03:00: _OSC: not requesting OS control; OS requires [ExtendedConfig ASPM ClockPM MSI]
[    1.188333] acpi PNP0A03:00: fail to add MMCONFIG information, can't access extended PCI configuration space under this bridge.
[    1.205049] PCI host bridge to bus 0000:00
[    1.207600] pci_bus 0000:00: root bus resource [io  0x0000-0x0cf7 window]
[    1.210793] pci_bus 0000:00: root bus resource [io  0x0d00-0xffff window]
[    1.214069] pci_bus 0000:00: root bus resource [mem 0x000a0000-0x000bffff window]
[    1.217391] pci_bus 0000:00: root bus resource [mem 0x80000000-0xffdfffff window]
[    1.229624] pci_bus 0000:00: root bus resource [bus 00-ff]
[    1.238451] pci 0000:00:01.1: legacy IDE quirk: reg 0x10: [io  0x01f0-0x01f7]
[    1.241592] pci 0000:00:01.1: legacy IDE quirk: reg 0x14: [io  0x03f6]
[    1.243221] pci 0000:00:01.1: legacy IDE quirk: reg 0x18: [io  0x0170-0x0177]
[    1.261618] pci 0000:00:01.1: legacy IDE quirk: reg 0x1c: [io  0x0376]
[    1.313083] pci 0000:00:07.0: quirk: [io  0x4000-0x403f] claimed by PIIX4 ACPI
[    1.331069] pci 0000:00:07.0: quirk: [io  0x4100-0x410f] claimed by PIIX4 SMB
[    1.373095] ACPI: PCI Interrupt Link [LNKA] (IRQs 5 9 10 *11)
[    1.377305] ACPI: PCI Interrupt Link [LNKB] (IRQs 5 9 10 *11)
[    1.389443] ACPI: PCI Interrupt Link [LNKC] (IRQs 5 9 *10 11)
[    1.396702] ACPI: PCI Interrupt Link [LNKD] (IRQs 5 *9 10 11)
[    1.399908] ACPI: Enabled 2 GPEs in block 00 to 07
[    1.403146] vgaarb: setting as boot device: PCI:0000:00:02.0
[    1.408459] vgaarb: device added: PCI:0000:00:02.0,decodes=io+mem,owns=io+mem,locks=none
[    1.429064] vgaarb: loaded
[    1.439600] vgaarb: bridge control possible 0000:00:02.0
[    1.442187] SCSI subsystem initialized
[    1.446844] ACPI: bus type USB registered
[    1.454131] usbcore: registered new interface driver usbfs
[    1.459754] usbcore: registered new interface driver hub
[    1.461201] usbcore: registered new device driver usb
[    1.463129] PCI: Using ACPI for IRQ routing
[    1.466679] NetLabel: Initializing
[    1.469505] NetLabel:  domain hash size = 128
[    1.470778] NetLabel:  protocols = UNLABELED CIPSOv4
[    1.478196] NetLabel:  unlabeled traffic allowed by default
[    1.481669] amd_nb: Cannot enumerate AMD northbridges
[    1.484184] clocksource: Switched to clocksource kvm-clock
[    1.523579] AppArmor: AppArmor Filesystem Enabled
[    1.531548] pnp: PnP ACPI init
[    1.534126] pnp: PnP ACPI: found 3 devices
[    1.548093] clocksource: acpi_pm: mask: 0xffffff max_cycles: 0xffffff, max_idle_ns: 2085701024 ns
[    1.552099] NET: Registered protocol family 2
[    1.561672] TCP established hash table entries: 16384 (order: 5, 131072 bytes)
[    1.572428] TCP bind hash table entries: 16384 (order: 6, 262144 bytes)
[    1.574901] TCP: Hash tables configured (established 16384 bind 16384)
[    1.577857] UDP hash table entries: 1024 (order: 3, 32768 bytes)
[    1.579193] UDP-Lite hash table entries: 1024 (order: 3, 32768 bytes)
[    1.587512] NET: Registered protocol family 1
[    1.601759] pci 0000:00:00.0: Limiting direct PCI/PCI transfers
[    1.603588] pci 0000:00:01.0: Activating ISA DMA hang workarounds
[    1.613237] Unpacking initramfs...
[    4.453353] Freeing initrd memory: 10824K
[    4.461465] platform rtc_cmos: registered platform RTC device (no PNP device found)
[    4.475428] Scanning for low memory corruption every 60 seconds
[    4.484173] audit: initializing netlink subsys (disabled)
[    4.486995] audit: type=2000 audit(1511451643.651:1): initialized
[    4.495205] Initialise system trusted keyring
[    4.505162] HugeTLB registered 2 MB page size, pre-allocated 0 pages
[    4.514034] zbud: loaded
[    4.518326] VFS: Disk quotas dquot_6.6.0
[    4.522251] VFS: Dquot-cache hash table entries: 512 (order 0, 4096 bytes)
[    4.530593] squashfs: version 4.0 (2009/01/31) Phillip Lougher
[    4.543375] fuse init (API version 7.23)
[    4.544835] Key type big_key registered
[    4.551283] Allocating IMA MOK and blacklist keyrings.
[    4.564981] Key type asymmetric registered
[    4.573795] Asymmetric key parser 'x509' registered
[    4.577647] Block layer SCSI generic (bsg) driver version 0.4 loaded (major 249)
[    4.585800] io scheduler noop registered
[    4.593918] io scheduler deadline registered (default)
[    4.600937] io scheduler cfq registered
[    4.604590] pci_hotplug: PCI Hot Plug PCI Core version: 0.5
[    4.610974] pciehp: PCI Express Hot Plug Controller Driver version: 0.4
[    4.617663] ACPI: AC Adapter [AC] (on-line)
[    4.619424] input: Power Button as /devices/LNXSYSTM:00/LNXPWRBN:00/input/input0
[    4.623614] ACPI: Power Button [PWRF]
[    4.631258] input: Sleep Button as /devices/LNXSYSTM:00/LNXSLPBN:00/input/input1
[    4.637061] ACPI: Sleep Button [SLPF]
[    4.639993] GHES: HEST is not enabled!
[    4.651574] Serial: 8250/16550 driver, 32 ports, IRQ sharing enabled
[    4.683378] 00:02: ttyS0 at I/O 0x3f8 (irq = 4, base_baud = 115200) is a 16550A
[    4.696850] Linux agpgart interface v0.103
[    4.707928] loop: module loaded
[    4.713112] scsi host0: ata_piix
[    4.721546] scsi host1: ata_piix
[    4.738488] ata1: PATA max UDMA/33 cmd 0x1f0 ctl 0x3f6 bmdma 0xd000 irq 14
[    4.747410] ata2: PATA max UDMA/33 cmd 0x170 ctl 0x376 bmdma 0xd008 irq 15
[    4.755091] libphy: Fixed MDIO Bus: probed
[    4.757665] tun: Universal TUN/TAP device driver, 1.6
[    4.759103] tun: (C) 1999-2004 Max Krasnyansky <maxk@qualcomm.com>
[    4.762131] PPP generic driver version 2.4.2
[    4.765164] ehci_hcd: USB 2.0 'Enhanced' Host Controller (EHCI) Driver
[    4.772615] ehci-pci: EHCI PCI platform driver
[    4.780975] ehci-platform: EHCI generic platform driver
[    4.787712] ohci_hcd: USB 1.1 'Open' Host Controller (OHCI) Driver
[    4.789370] ohci-pci: OHCI PCI platform driver
[    4.790798] ohci-platform: OHCI generic platform driver
[    4.792259] uhci_hcd: USB Universal Host Controller Interface driver
[    4.794546] i8042: PNP: PS/2 Controller [PNP0303:PS2K,PNP0f03:PS2M] at 0x60,0x64 irq 1,12
[    4.798536] serio: i8042 KBD port at 0x60,0x64 irq 1
[    4.809527] serio: i8042 AUX port at 0x60,0x64 irq 12
[    4.811665] mousedev: PS/2 mouse device common for all mice
[    4.814794] input: AT Translated Set 2 keyboard as /devices/platform/i8042/serio0/input/input2
[    4.827298] rtc_cmos rtc_cmos: rtc core: registered rtc_cmos as rtc0
[    4.830217] rtc_cmos rtc_cmos: alarms up to one day, 114 bytes nvram
[    4.839633] i2c /dev entries driver
[    4.849325] device-mapper: uevent: version 1.0.3
[    4.854018] device-mapper: ioctl: 4.34.0-ioctl (2015-10-28) initialised: dm-devel@redhat.com
[    4.862116] ledtrig-cpu: registered to indicate activity on CPUs
[    4.867732] NET: Registered protocol family 10
[    4.876361] NET: Registered protocol family 17
[    4.889335] Key type dns_resolver registered
[    4.893505] microcode: CPU0 sig=0x20655, pf=0x4, revision=0x616
[    4.911239] microcode: CPU1 sig=0x20655, pf=0x4, revision=0x616
[    4.927955] microcode: Microcode Update Driver: v2.01 <tigran@aivazian.fsnet.co.uk>, Peter Oruba
[    4.952494] registered taskstats version 1
[    4.955841] Loading compiled-in X.509 certificates
[    4.958370] Loaded X.509 cert 'Build time autogenerated kernel key: 7431eaeda5a51458aeb00f8de0f18f89e178d882'
[    4.961889] zswap: loaded using pool lzo/zbud
[    4.964672] Key type trusted registered
[    4.984502] Key type encrypted registered
[    4.993425] AppArmor: AppArmor sha1 policy hashing enabled
[    4.995927] ima: No TPM chip found, activating TPM-bypass!
[    4.997335] evm: HMAC attrs: 0x1
[    4.998526]   Magic number: 9:483:690
[    5.006848] mem mem: hash matches
[    5.013886] rtc_cmos rtc_cmos: setting system clock to 2017-11-23 15:40:40 UTC (1511451640)
[    5.025111] BIOS EDD facility v0.16 2004-Jun-25, 0 devices found
[    5.027862] EDD information not available.
[    5.032674] Freeing unused kernel memory: 1492K
[    5.040903] Write protecting the kernel read-only data: 14336k
[    5.044559] Freeing unused kernel memory: 1744K
[    5.054992] Freeing unused kernel memory: 108K
Loading, please wait...
starting version[    5.075189] random: systemd-udevd: uninitialized urandom read (16 bytes read, 2 bits of entropy available)
 229
[    5.076132] random: udevadm: uninitialized urandom read (16 bytes read, 2 bits of entropy available)
[    5.076159] random: udevadm: uninitialized urandom read (16 bytes read, 2 bits of entropy available)
[    5.088735] random: udevadm: uninitialized urandom read (16 bytes read, 2 bits of entropy available)
[    5.088785] random: udevadm: uninitialized urandom read (16 bytes read, 2 bits of entropy available)
[    5.088968] random: udevadm: uninitialized urandom read (16 bytes read, 2 bits of entropy available)
[    5.089031] random: udevadm: uninitialized urandom read (16 bytes read, 2 bits of entropy available)
[    5.089096] random: udevadm: uninitialized urandom read (16 bytes read, 2 bits of entropy available)
[    5.089158] random: udevadm: uninitialized urandom read (16 bytes read, 2 bits of entropy available)
[    5.089221] random: udevadm: uninitialized urandom read (16 bytes read, 2 bits of entropy available)
[    5.191372] e1000: Intel(R) PRO/1000 Network Driver - version 7.3.21-k8-NAPI
[    5.193870] e1000: Copyright (c) 1999-2006 Intel Corporation.
[    5.207088] Fusion MPT base driver 3.04.20
[    5.214222] Copyright (c) 1999-2008 LSI Corporation
[    5.276618] Fusion MPT SPI Host driver 3.04.20
[    5.294012] SSE version of gcm_enc/dec engaged.
[    5.465067] input: ImExPS/2 Generic Explorer Mouse as /devices/platform/i8042/serio1/input/input4
[    5.476504] tsc: Refined TSC clocksource calibration: 3192.013 MHz
[    5.479438] clocksource: tsc: mask: 0xffffffffffffffff max_cycles: 0x2e02d108a33, max_idle_ns: 440795353234 ns
[    5.728463] e1000 0000:00:03.0 eth0: (PCI:33MHz:32-bit) 02:53:17:3c:de:80
[    5.739077] e1000 0000:00:03.0 eth0: Intel(R) PRO/1000 Network Connection
[    5.741997] mptbase: ioc0: Initiating bringup
[    5.820741] ioc0: LSI53C1030 A0: Capabilities={Initiator}
[    5.998059] scsi host2: ioc0: LSI53C1030 A0, FwRev=00000000h, Ports=1, MaxQ=256, IRQ=20
[    6.117055] scsi 2:0:0:0: Direct-Access     VBOX     HARDDISK         1.0  PQ: 0 ANSI: 5
[    6.126124] scsi target2:0:0: Beginning Domain Validation
[    6.131564] scsi target2:0:0: Domain Validation skipping write tests
[    6.135111] scsi target2:0:0: Ending Domain Validation
[    6.141073] scsi target2:0:0: asynchronous
[    6.143012] scsi 2:0:1:0: Direct-Access     VBOX     HARDDISK         1.0  PQ: 0 ANSI: 5
[    6.145387] scsi target2:0:1: Beginning Domain Validation
[    6.148295] scsi target2:0:1: Domain Validation skipping write tests
[    6.149711] scsi target2:0:1: Ending Domain Validation
[    6.151214] scsi target2:0:1: asynchronous
[    6.213581] sd 2:0:0:0: Attached scsi generic sg0 type 0
[    6.216538] sd 2:0:1:0: Attached scsi generic sg1 type 0
[    6.225980] sd 2:0:0:0: [sda] 20971520 512-byte logical blocks: (10.7 GB/10.0 GiB)
[    6.230611] sd 2:0:1:0: [sdb] 20480 512-byte logical blocks: (10.5 MB/10.0 MiB)
[    6.259099] sd 2:0:0:0: [sda] Write Protect is off
[    6.292739] sd 2:0:1:0: [sdb] Write Protect is off
[    6.299463] sd 2:0:1:0: [sdb] Incomplete mode parameter data
[    6.309570] sd 2:0:1:0: [sdb] Assuming drive cache: write through
[    6.324234] sd 2:0:0:0: [sda] Incomplete mode parameter data
[    6.346981] sd 2:0:0:0: [sda] Assuming drive cache: write through
[    6.350962]  sda: sda1
[    6.358865] sd 2:0:1:0: [sdb] Attached SCSI disk
[    6.373569] sd 2:0:0:0: [sda] Attached SCSI disk
[    6.615549] e1000 0000:00:08.0 eth1: (PCI:33MHz:32-bit) 08:00:27:3b:99:3f
[    6.628885] e1000 0000:00:08.0 eth1: Intel(R) PRO/1000 Network Connection
[    6.635469] e1000 0000:00:03.0 enp0s3: renamed from eth0
[    6.649815] e1000 0000:00:08.0 enp0s8: renamed from eth1
[    8.276304] floppy0: no floppy controllers found
Begin: Loading e[    9.723691] md: linear personality registered for level -1
ssential drivers ... [    9.736901] md: multipath personality registered for level -4
[    9.750832] md: raid0 personality registered for level 0
[    9.762851] md: raid1 personality registered for level 1
[    9.844295] raid6: sse2x1   gen()  6337 MB/s
[    9.924471] raid6: sse2x1   xor()  5006 MB/s
[    9.996339] raid6: sse2x2   gen()  8356 MB/s
[   10.068589] raid6: sse2x2   xor()  6150 MB/s
[   10.152962] raid6: sse2x4   gen()  9959 MB/s
[   10.228234] raid6: sse2x4   xor()  6895 MB/s
[   10.237379] raid6: using algorithm sse2x4 gen() 9959 MB/s
[   10.246686] raid6: .... xor() 6895 MB/s, rmw enabled
[   10.247878] raid6: using ssse3x2 recovery algorithm
[   10.258521] xor: measuring software checksum speed
[   10.312328]    prefetch64-sse: 16410.000 MB/sec
[   10.360204]    generic_sse: 12139.000 MB/sec
[   10.380952] xor: using function: prefetch64-sse (16410.000 MB/sec)
[   10.383768] async_tx: api initialized (async)
[   10.398117] md: raid6 personality registered for level 6
[   10.410355] md: raid5 personality registered for level 5
[   10.437165] md: raid4 personality registered for level 4
[   10.456381] md: raid10 personality registered for level 10
done.
Begin: Running /scripts/init-premount ... done.
Begin: Mounting root file system ... Begin: Running /scripts/local-top ... done.
Begin: Running /scripts/loc[   10.541979] Btrfs loaded
al-premount ... Scanning for Btrfs filesystems
done.
Warning: fsck not present, so sk[   10.595686] EXT4-fs (sda1): mounted filesystem with ordered data mode. Opts: (null)
ipping root file system
done.
Begin: Running /scripts/local-bottom ... done.
Begin: Running /scripts/init-bottom ... done.
[   10.738932] systemd[1]: systemd 229 running in system mode. (+PAM +AUDIT +SELINUX +IMA +APPARMOR +SMACK +SYSVINIT +UTMP +LIBCRYPTSETUP +GCRYPT +GNUTLS +ACL +XZ -LZ4 +SECCOMP +BLKID +ELFUTILS +KMOD -IDN)
[   10.751233] systemd[1]: Detected virtualization oracle.
[   10.755575] systemd[1]: Detected architecture x86-64.

Welcome to [1mUbuntu 16.04.3 LTS[0m!

[   10.773272] systemd[1]: Set hostname to <ubuntu>.
[   10.788087] systemd[1]: Initializing machine ID from random generator.
[   10.791370] systemd[1]: Installed transient /etc/machine-id file.
[   10.942680] systemd[1]: Listening on /dev/initctl Compatibility Named Pipe.
[[0;32m  OK  [0m] Listening on /dev/initctl Compatibility Named Pipe.
[   10.956764] systemd[1]: Reached target Swap.
[[0;32m  OK  [0m] Reached target Swap.
[   10.977303] systemd[1]: Listening on Journal Socket (/dev/log).
[[0;32m  OK  [0m] Listening on Journal Socket (/dev/log).
[   10.996845] systemd[1]: Listening on Syslog Socket.
[[0;32m  OK  [0m] Listening on Syslog Socket.
[   11.013627] systemd[1]: Listening on Journal Audit Socket.
[[0;32m  OK  [0m] Listening on Journal Audit Socket.
[   11.029177] systemd[1]: Listening on Journal Socket.
[[0;32m  OK  [0m] Listening on Journal Socket.
[   11.040642] systemd[1]: Started Trigger resolvconf update for networkd DNS.
[[0;32m  OK  [0m] Started Trigger resolvconf update for networkd DNS.
[   11.053208] systemd[1]: Created slice User and Session Slice.
[[0;32m  OK  [0m] Created slice User and Session Slice.
[   11.093031] systemd[1]: Started Forward Password Requests to Wall Directory Watch.
[[0;32m  OK  [0m] Started Forward Password Requests to Wall Directory Watch.
[   11.140790] systemd[1]: Listening on udev Control Socket.
[[0;32m  OK  [0m] Listening on udev Control Socket.
[   11.168032] systemd[1]: Listening on Device-mapper event daemon FIFOs.
[[0;32m  OK  [0m] Listening on Device-mapper event daemon FIFOs.
[   11.185221] systemd[1]: Listening on LVM2 poll daemon socket.
[[0;32m  OK  [0m] Listening on LVM2 poll daemon socket.
[   11.189282] systemd[1]: Listening on LVM2 metadata daemon socket.
[[0;32m  OK  [0m] Listening on LVM2 metadata daemon socket.
[   11.195212] systemd[1]: Reached target User and Group Name Lookups.
[[0;32m  OK  [0m] Reached target User and Group Name Lookups.
[   11.205041] systemd[1]: Reached target Encrypted Volumes.
[[0;32m  OK  [0m] Reached target Encrypted Volumes.
[   11.209089] systemd[1]: Set up automount Arbitrary Executable File Formats File System Automount Point.
[[0;32m  OK  [0m] Set up automount Arbitrary Executab...ats File System Automount Point.
[   11.229199] systemd[1]: Listening on udev Kernel Socket.
[[0;32m  OK  [0m] Listening on udev Kernel Socket.
[   11.237806] systemd[1]: Created slice System Slice.
[[0;32m  OK  [0m] Created slice System Slice.
[   11.253072] systemd[1]: Starting Uncomplicated firewall...
         Starting Uncomplicated firewall...
[   11.277649] systemd[1]: Starting Nameserver information manager...
         Starting Nameserver information manager...
[   11.300120] systemd[1]: Starting Monitoring of LVM2 mirrors, snapshots etc. using dmeventd or progress polling...
         Starting Monitoring of LVM2 mirrors... dmeventd or progress polling...
[   11.343691] systemd[1]: Starting Load Kernel Modules...
[   11.356067] Loading iSCSI transport class v2.0-870.
         Starting Load Kernel Modules...
[   11.364497] iscsi: registered transport (tcp)
[   11.388303] systemd[1]: Mounting Huge Pages File System...
         Mounting Huge Pages File System...
[   11.401740] systemd[1]: Starting Set console keymap...
         Starting Set console keymap...
[   11.419322] systemd[1]: Reached target Slices.
[[0;32m  OK  [0m] Reached target Slices.
[   11.422197] iscsi: registered transport (iser)
[   11.422951] systemd[1]: Starting Remount Root and Kernel File Systems...
[   11.427679] EXT4-fs (sda1): re-mounted. Opts: (null)
         Starting Remount Root and Kernel File Systems...
[   11.441002] systemd[1]: Created slice system-serial\x2dgetty.slice.
[[0;32m  OK  [0m] Created slice system-serial\x2dgetty.slice.
[   11.444738] systemd[1]: Starting Create list of required static device nodes for the current kernel...
         Starting Create list of required st... nodes for the current kernel...
[   11.468630] systemd[1]: Mounting POSIX Message Queue File System...
         Mounting POSIX Message Queue File System...
[   11.479348] systemd[1]: Starting Journal Service...
         Starting Journal Service...
[   11.524298] systemd[1]: Mounting Debug File System...
         Mounting Debug File System...
[   11.538967] systemd[1]: Mounted Huge Pages File System.
[[0;32m  OK  [0m] Mounted Huge Pages File System.
[   11.542222] systemd[1]: Mounted Debug File System.
[[0;32m  OK  [0m] Mounted Debug File System.
[   11.544957] systemd[1]: Mounted POSIX Message Queue File System.
[[0;32m  OK  [0m] Mounted POSIX Message Queue File System.
[   11.549959] systemd[1]: Started Journal Service.
[[0;32m  OK  [0m] Started Journal Service.
[[0;32m  OK  [0m] Started Uncomplicated firewall.
[[0;32m  OK  [0m] Started Load Kernel Modules.
[[0;32m  OK  [0m] Started Set console keymap.
[[0;32m  OK  [0m] Started Remount Root and Kernel File Systems.
[[0;32m  OK  [0m] Started Create list of required sta...ce nodes for the current kernel.
[[0;32m  OK  [0m] Started Nameserver information manager.
[[0;32m  OK  [0m] Started LVM2 metadata daemon.
[   11.723271] random: nonblocking pool is initialized
         Starting Create Static Device Nodes in /dev...
         Starting Initial cloud-init job (pre-networking)...
         Starting udev Coldplug all Devices...
         Starting Load/Save Random Seed...
         Mounting FUSE Control File System...
         Starting Apply Kernel Variables...
         Starting Flush Journal to Persistent Storage...
[[0;32m  OK  [0m] Mounted FUSE Control File System.
[[0;32m  OK  [0m] Started Create Static Device Nodes in /dev.
[[0;32m  OK  [0m] Started Load/Save Random Seed.
[[0;32m  OK  [0m] Started Apply Kernel Variables.
[[0;32m  OK  [0m] Started udev Coldplug all Devices.
[[0;32m  OK  [0m] Started Flush Journal to Persistent Storage.
         Starting udev Kernel Device Manager...
[[0;32m  OK  [0m] Started udev Kernel Device Manager.
[[0;32m  OK  [0m] Started Dispatch Password Requests to Console Directory Watch.
[[0;32m  OK  [0m] Started Monitoring of LVM2 mirrors,...ng dmeventd or progress polling.
[[0;32m  OK  [0m] Reached target Local File Systems (Pre).
[[0;32m  OK  [0m] Reached target Local File Systems.
         Starting Commit a transient machine-id on disk...
         Starting Create Volatile Files and Directories...
         Starting Tell Plymouth To Write Out Runtime Data...
         Starting LSB: AppArmor initialization...
         Starting Set console font and keymap...
[[0;32m  OK  [0m] Started Commit a transient machine-id on disk.
[[0;32m  OK  [0m] Started Create Volatile Files and Directories.
[[0;32m  OK  [0m] Started Tell Plymouth To Write Out Runtime Data.
[[0;32m  OK  [0m] Found device /dev/ttyS0.
[[0;32m  OK  [0m] Reached target System Time Synchronized.
         Starting Update UTMP about System Boot/Shutdown...
[[0;32m  OK  [0m] Started Update UTMP about System Boot/Shutdown.
[[0;32m  OK  [0m] Listening on Load/Save RF Kill Switch Status /dev/rfkill Watch.
[   13.512396] cloud-init[446]: Cloud-init v. 0.7.9 running 'init-local' at Thu, 23 Nov 2017 15:40:49 +0000. Up 12.83 seconds.
[[0;32m  OK  [0m] Started Initial cloud-init job (pre-networking).
[[0;32m  OK  [0m] Reached target Network (Pre).
[[0;32m  OK  [0m] Started Set console font and keymap.
[[0;32m  OK  [0m] Created slice system-getty.slice.
[[0;32m  OK  [0m] Started LSB: AppArmor initialization.
         Starting Raise network interfaces...
[[0;32m  OK  [0m] Started Raise network interfaces.
         Starting Initial cloud-init job (metadata service crawler)...
[[0;32m  OK  [0m] Reached target Network.
[   16.185624] cloud-init[938]: Cloud-init v. 0.7.9 running 'init' at Thu, 23 Nov 2017 15:40:51 +0000. Up 15.20 seconds.
[   16.197025] cloud-init[938]: ci-info: ++++++++++++++++++++++++++++++++++++++Net device info++++++++++++++++++++++++++++++++++++++
[   16.241136] cloud-init[938]: ci-info: +--------+-------+----------------------------+---------------+-------+-------------------+
[   16.247001] cloud-init[938]: ci-info: | Device |   Up  |          Address           |      Mask     | Scope |     Hw-Address    |
[   16.265433] cloud-init[938]: ci-info: +--------+-------+----------------------------+---------------+-------+-------------------+
[   16.265697] cloud-init[938]: ci-info: |   lo   |  True |         127.0.0.1          |   255.0.0.0   |   .   |         .         |
[[0;32m  OK  [0m] Started Initial cloud-init job (metadata service crawler).
[   16.267436] cloud-init[938]: ci-info: |   lo   |  True |          ::1/128           |       .       |  host |         .         |
[   16.308902] cloud-init[938]: ci-info: | enp0s3 |  True |         10.0.2.15          | 255.255.255.0 |   .   | 02:53:17:3c:de:80 |
[   16.309220] cloud-init[938]: ci-info: | enp0s3 |  True | fe80::53:17ff:fe3c:de80/64 |       .       |  link | 02:53:17:3c:de:80 |
[[0;32m  OK  [0m] Reached target Network is Online.
[   16.309487] cloud-init[938]: ci-info: | enp0s8 | False |             .              |       .       |   .   | 08:00:27:3b:99:3f |
[   16.657535] cloud-init[938]: ci-info: +--------+-------+----------------------------+---------------+-------+-------------------+
[   16.658361] cloud-init[938]: ci-info: +++++++++++++++++++++++++++Route IPv4 info++++++++++++++++++++++++++++
         Starting iSCSI initiator daemon (iscsid)...
[   16.658873] cloud-init[938]: ci-info: +-------+-------------+----------+---------------+-----------+-------+
[   16.701631] cloud-init[938]: ci-info: | Route | Destination | Gateway  |    Genmask    | Interface | Flags |
[   16.702247] cloud-init[938]: ci-info: +-------+-------------+----------+---------------+-----------+-------+
[   16.702842] cloud-init[938]: ci-info: |   0   |   0.0.0.0   | 10.0.2.2 |    0.0.0.0    |   enp0s3  |   UG  |
[   16.703468] cloud-init[938]: ci-info: |   1   |   10.0.2.0  | 0.0.0.0  | 255.255.255.0 |   enp0s3  |   U   |
[   16.704211] cloud-init[938]: ci-info: +-------+-------------+----------+---------------+-----------+-------+
[   16.704623] cloud-init[938]: Generating public/private rsa key pair.
[[0;32m  OK  [0m] Reached target System Initialization.
[   16.707085] cloud-init[938]: Your identification has been saved in /etc/ssh/ssh_host_rsa_key.
[   16.783298] cloud-init[938]: Your public key has been saved in /etc/ssh/ssh_host_rsa_key.pub.
[   16.783437] cloud-init[938]: The key fingerprint is:
[[0;32m  OK  [0m] Listening on D-Bus System Message Bus Socket.
[   16.784610] cloud-init[938]: SHA256:LimOhLrL0Qg1zL3ufzcEaxR5yrNeRBjzNk3hSokuODU root@ubuntu-xenial
[   16.860743] cloud-init[938]: The key's randomart image is:
[   16.861067] cloud-init[938]: +---[RSA 2048]----+
[[0;32m  OK  [0m] Started ACPI Events Check.
[   16.861251] cloud-init[938]: |        o+  o.   |
[   16.873948] cloud-init[938]: | o .    ++o=     |
[   16.874135] cloud-init[938]: |  = . E..=* o    |
[   16.874647] cloud-init[938]: | . . + o*o.o     |
[   16.874800] cloud-init[938]: |.   + ..S*.      |
[   16.875043] cloud-init[938]: |..o. . ++ o      |
[[0;32m  OK  [0m] Reached target Paths.
[   16.875235] cloud-init[938]: |.o..o oo.o       |
[   17.069359] cloud-init[938]: |o..+ . .o o      |
[   17.069975] cloud-init[938]: |++. o... . .     |
[[0;32m  OK  [0m] Started Daily apt download activities.
[   17.070605] cloud-init[938]: +----[SHA256]-----+
[   17.082844] cloud-init[938]: Generating public/private dsa key pair.
[   17.083321] cloud-init[938]: Your identification has been saved in /etc/ssh/ssh_host_dsa_key.
[   17.083600] cloud-init[938]: Your public key has been saved in /etc/ssh/ssh_host_dsa_key.pub.
[   17.083866] cloud-init[938]: The key fingerprint is:
[[0;32m  OK  [0m] Started Daily apt upgrade and clean activities.
[   17.084765] cloud-init[938]: SHA256:7J0hBaNUGUYnJCeHbB/DxUrKm6rd89WQ7uKems7KZGE root@ubuntu-xenial
[   17.151125] cloud-init[938]: The key's randomart image is:
[   17.151435] cloud-init[938]: +---[DSA 1024]----+
         Starting LXD - unix socket.
[[   17.151632] cloud-init[938]: |     .+*%=o      |
[   17.246437] cloud-init[938]: |     .+B*=.      |
[   17.246717] cloud-init[938]: |     o.+ +.      |
[   17.247032] cloud-init[938]: |      o.o. .     |
[   17.247386] cloud-init[938]: |    E  oS +      |
[   17.247689] cloud-init[938]: |   . .o. + =     |
[   17.247995] cloud-init[938]: |    o.  . = .    |
[   17.249245] cloud-init[938]: |   =.o...+       |
[   17.249518] cloud-init[938]: |  ..+o**=..      |
[   17.249807] cloud-init[938]: +----[SHA256]-----+
[   17.250133] cloud-init[938]: Generating public/private ecdsa key pair.
[   17.250430] cloud-init[938]: Your identification has been saved in /etc/ssh/ssh_host_ecdsa_key.
[   17.250741] cloud-init[938]: Your public key has been saved in /etc/ssh/ssh_host_ecdsa_key.pub.
[   17.251078] cloud-init[938]: The key fingerprint is:
[0;32m  OK  [0m] Started Timer to automatically refresh installed snaps.
[[   17.251382] cloud-init[938]: SHA256:eX4rnTdzj/JC69se3QzTxkn6HWs5ru69gPq0j/2LD2o root@ubuntu-xenial
[   17.385281] cloud-init[938]: The key's randomart image is:
[0;32m  OK  [0m] Listening on UUID daemon activation socket.
[   17.385501] cloud-init[938]: +---[ECDSA 256]---+
[[   17.587222] cloud-init[938]: |                 |
[   17.587514] cloud-init[938]: |                 |
[   17.588193] cloud-init[938]: |               . |
[   17.588796] cloud-init[938]: |         .    oo.|
[   17.589365] cloud-init[938]: |        S .  .oo+|
[   17.589965] cloud-init[938]: |         o  o .**|
[   17.590562] cloud-init[938]: |          .=.=.*=|
[   17.591164] cloud-init[938]: |          +E@o@oo|
[0;32m  OK  [0m] Started Daily Cleanup of Temporary Directories.
[[   17.592515] cloud-init[938]: |         .oBB#O@=|
[   17.699793] cloud-init[938]: +----[SHA256]-----+
[   17.699903] cloud-init[938]: Generating public/private ed25519 key pair.
[   17.700338] cloud-init[938]: Your identification has been saved in /etc/ssh/ssh_host_ed25519_key.
[0;32m  OK  [0m] Reached target Timers.
[   17.700516] cloud-init[938]: Your public key has been saved in /etc/ssh/ssh_host_ed25519_key.pub.
[   17.723330] cloud-init[938]: The key fingerprint is:
[[0;32m  OK  [0m] Listening on ACPID Listen Socket.
         [   17.723521] Starting Socket activation for snappy daemon.cloud-init
[938]: SHA256:CtiXMvHGhxBDvcUCHbtMilrGqjtGCdGeJpFcLDf3C5s root@ubuntu-xenial
[   17.804715] cloud-init[938]: The key's randomart image is:
[   17.805002] cloud-init[938]: +--[ED25519 256]--+
[[0;32m  OK  [0m] Reached target Cloud-config availability.
[   17.805277] cloud-init[938]: |.ooo=+.o         |
[   17.985112] cloud-init[938]: |+o.+ ++.o        |
[   17.985498] cloud-init[938]: | +o.= ++         |
[[0;32m  OK  [0m] Listening on LXD - unix socket.
[   17.985701] cloud-init[938]: |o.++ X.=         |
[   18.133377] cloud-init[938]: |.oB * & S        |
[[0;32m  OK  [0m] Listening on Socket activation for snappy daemon.
[   18.134485] cloud-init[938]: | B   E +         |
[   18.173179] cloud-init[938]: |+     .          |
[[0;32m  OK  [0m] Started iSCSI initiator daemon (iscsid).
[   18.173681] cloud-init[938]: |o.               |
[   18.187894] cloud-init[938]: |+o               |
[   18.190015] cloud-init[938]: +----[SHA256]-----+
         Starting Login to default iSCSI targets...
[[0;32m  OK  [0m] Reached target Sockets.
[[0;32m  OK  [0m] Reached target Basic System.
[[0;32m  OK  [0m] Started Unattended Upgrades Shutdown.
[[0;32m  OK  [0m] Started D-Bus System Message Bus.
         Starting Apply the settings specified in cloud-config...
         Starting LSB: Record successful boot for GRUB...
         Starting Accounts Service...
         Starting LSB: MD monitoring daemon...
[[0;32m  OK  [0m] Started FUSE filesystem for LXC.
[[0;32m  OK  [0m] Started Deferred execution scheduler.
         Starting System Logging Service...
         Starting Pollinate to seed the pseudo random number generator...
         Starting Login Service...
[[0;32m  OK  [0m] Started Regular background program processing daemon.
[[0;32m  OK  [0m] Started ACPI event daemon.
         Starting Snappy daemon...
         Starting /etc/rc.local Compatibility...
         Starting LXD - container startup/shutdown...
[[0;32m  OK  [0m] Started System Logging Service.
[[0;32m  OK  [0m] Started /etc/rc.local Compatibility.
[[0;32m  OK  [0m] Started LSB: Record successful boot for GRUB.
[[0;32m  OK  [0m] Started Login to default iSCSI targets.
[[0;32m  OK  [0m] Started LSB: MD monitoring daemon.
         Starting Authenticate and Authorize Users to Run Privileged Tasks...
[[0;32m  OK  [0m] Reached target Remote File Systems (Pre).
[[0;32m  OK  [0m] Reached target Remote File Systems.
         Starting LSB: VirtualBox Linux Additions...
         Starting LSB: daemon to balance interrupts for SMP systems...
         Starting LSB: automatic crash report generation...
         Starting Permit User Sessions...
         Starting LSB: Set the CPU Frequency Scaling governor to "ondemand"...
[[0;32m  OK  [0m] Started Snappy daemon.
[[0;32m  OK  [0m] Started LXD - container startup/shutdown.
[[0;32m  OK  [0m] Started Permit User Sessions.
[[0;32m  OK  [0m] Started Login Service.
[[0;32m  OK  [0m] Started Authenticate and Authorize Users to Run Privileged Tasks.
[[0;32m  OK  [0m] Started Accounts Service.
         Starting Hold until boot process finishes up...
         Starting Terminate Plymouth Boot Screen...
[[0;32m  OK  [0m] Started LSB: daemon to balance interrupts for SMP systems.
[[0;32m  OK  [0m] Started LSB: automatic crash report generation.
[[0;32m  OK  [0m] Started LSB: Set the CPU Frequency Scaling governor to "ondemand".
[[0;32m  OK  [0m] Started LSB: VirtualBox Linux Additions.
[[0;32m  OK  [0m] Started Hold until boot process finishes up.
[[0;32m  OK  [0m] Started Terminate Plymouth Boot Screen.
         Starting Set console scheme...
[[   19.177308] cloud-init[1042]: Generating locales (this might take a while)...
[0;32m  OK  [0m] Started Getty on tty1.
[[0;32m  OK  [0m] Started Serial Getty on ttyS0.
[[0;32m  OK  [0m] Reached target Login Prompts.
[[0;32m  OK  [0m] Started Set console scheme.
[[0;32m  OK  [0m] Started Pollinate to seed the pseudo random number generator.
         Starting OpenBSD Secure Shell server...
[[0;32m  OK  [0m] Started OpenBSD Secure Shell server.
[[0;32m  OK  [0m] Reached target Multi-User System.
[[0;32m  OK  [0m] Reached target Graphical Interface.
         Starting Update UTMP about System Runlevel Changes...
[[0;32m  OK  [0m] Started Update UTMP about System Runlevel Changes.
[   21.128236] cloud-init[1042]:   en_US.UTF-8... done
[   21.133183] cloud-init[1042]: Generation complete.
         Stopping OpenBSD Secure Shell server...
[[0;32m  OK  [0m] Stopped OpenBSD Secure Shell server.
         Starting OpenBSD Secure Shell server...
[[0;32m  OK  [0m] Started OpenBSD Secure Shell server.
[   21.900909] cloud-init[1042]: Cloud-init v. 0.7.9 running 'modules:config' at Thu, 23 Nov 2017 15:40:55 +0000. Up 18.93 seconds.
[[0;32m  OK  [0m] Started Apply the settings specified in cloud-config.
         Starting Execute cloud user/final scripts...
ci-info: no authorized ssh keys fingerprints found for user ubuntu.
<14>Nov 23 15:40:59 ec2: 
<14>Nov 23 15:40:59 ec2: #############################################################
<14>Nov 23 15:40:59 ec2: -----BEGIN SSH HOST KEY FINGERPRINTS-----
<14>Nov 23 15:40:59 ec2: 1024 SHA256:7J0hBaNUGUYnJCeHbB/DxUrKm6rd89WQ7uKems7KZGE root@ubuntu-xenial (DSA)
<14>Nov 23 15:40:59 ec2: 256 SHA256:eX4rnTdzj/JC69se3QzTxkn6HWs5ru69gPq0j/2LD2o root@ubuntu-xenial (ECDSA)
<14>Nov 23 15:40:59 ec2: 256 SHA256:CtiXMvHGhxBDvcUCHbtMilrGqjtGCdGeJpFcLDf3C5s root@ubuntu-xenial (ED25519)
<14>Nov 23 15:40:59 ec2: 2048 SHA256:LimOhLrL0Qg1zL3ufzcEaxR5yrNeRBjzNk3hSokuODU root@ubuntu-xenial (RSA)
<14>Nov 23 15:40:59 ec2: -----END SSH HOST KEY FINGERPRINTS-----
<14>Nov 23 15:40:59 ec2: #############################################################
-----BEGIN SSH HOST KEY KEYS-----
ecdsa-sha2-nistp256 AAAAE2VjZHNhLXNoYTItbmlzdHAyNTYAAAAIbmlzdHAyNTYAAABBBJf1LP7VTaQvVaJwhc3HVqEjRdo3TkHNstOPS/epo46PLqlO/bc/K9CuNUWG63T70d1S+hUJdhdIYKxlTx6U/tE= root@ubuntu-xenial
ssh-ed25519 AAAAC3NzaC1lZDI1NTE5AAAAIAa00OYRf33Yo2OYTkVFvS5BsuYXG7re5K+jwdTQGcfC root@ubuntu-xenial
ssh-rsa AAAAB3NzaC1yc2EAAAADAQABAAABAQDlzNyr/VMkXe3YPu8leIg9IMstBrtEh7CT0MFkHxrmG+9skLi0GgVyWiWRf6UjwaYFmfi+WZMkzW7JrAP3Y4/IgiB9NBxXhpSXoaVCU2A0Y3uIMRZ2flrbINv8mxxL5tbp5/I/juTMl+OKxsVDiBYNFq9Q6nMH2tkmWFCguCriRCv7+D/n8U52nmYZwGCZHE0fezD7n3mkGlNrGZ/zY9tIfd4Dp4SBzyrS+L38Rt+tXDMoug3XwNmr6UqV1hUWdIBj64XP4zO2ljWt9jk4j1OSOjrQxuh+jDX3CaUeMYpo2nDjcuZZtR6iIEZ72JRaE71Yq4Zh03Ewg4RDLRWJ517F root@ubuntu-xenial
-----END SSH HOST KEY KEYS-----
[   23.178009] cloud-init[1301]: Cloud-init v. 0.7.9 running 'modules:final' at Thu, 23 Nov 2017 15:40:59 +0000. Up 22.66 seconds.
[   23.228186] cloud-init[1301]: ci-info: no authorized ssh keys fingerprints found for user ubuntu.
[   23.276999] cloud-init[1301]: Cloud-init v. 0.7.9 finished at Thu, 23 Nov 2017 15:40:59 +0000. Datasource DataSourceNoCloud [seed=/dev/sdb][dsmode=net].  Up 23.16 seconds
[[0;32m  OK  [0m] Started Execute cloud user/final scripts.
[[0;32m  OK  [0m] Reached target Cloud-init target.

Ubuntu 16.04.3 LTS ubuntu-xenial ttyS0

ubuntu-xenial login:          Stopping ACPI event daemon...
[  OK  ]         Stopping vboxadd.service...
[  OK  ] Stopped target Cloud-config availability.
[  OK  ] Unmounted /var/lib/lxcfs.
[  OK  ] Stopped Accounts Service.
[  OK  ] Stopped Deferred execution scheduler.
[  OK  ] Stopped System Logging Service.
[  OK  ] Stopped Regular background program processing daemon.
[  OK  ] Stopped ACPI event daemon.
[  OK  ] Stopped Snappy daemon.
[  OK  ] Stopped Authenticate and Authorize Users to Run Privileged Tasks.
[  OK  ] Stopped Getty on tty1.
[  OK  ] Stopped Serial Getty on ttyS0.
[  OK  ] Stopped OpenBSD Secure Shell server.
[  OK  ] Stopped User Manager for UID 1000.
[  OK  ] Stopped D-Bus System Message Bus.
[  OK  ] Stopped Session 3 of user ubuntu.
[  OK  ] Stopped FUSE filesystem for LXC.
[  OK  ] Unmounted /vagrant.
[  OK  ] Stopped Unattended Upgrades Shutdown.
[  OK  ] Stopped LSB: Set the CPU Frequency Scaling governor to "ondemand".
[  OK  ] Stopped LXD - container startup/shutdown.
[  OK  ] Stopped LSB: automatic crash report generation.
[  OK  ] Stopped vboxadd.service.
[  OK  ] Stopped LSB: MD monitoring daemon.
[  OK  ] Stopped LSB: Record successful boot for GRUB.
[  OK  ] Stopped LSB: daemon to balance interrupts for SMP systems.
[  OK  ] Removed slice User Slice of ubuntu.
         Stopping Login Service...
[  OK  ] Removed slice system-serial\x2dgetty.slice.
[  OK  ] Removed slice system-getty.slice.
[  OK  ] Stopped /etc/rc.local Compatibility.
         Stopping Permit User Sessions...
[  OK  ] Stopped Permit User Sessions.
[  OK  ] Stopped target Remote File Systems.
[  OK  ] Stopped target Remote File Systems (Pre).
         Stopping Login to default iSCSI targets...
[  OK  ] Stopped Login Service.
[  OK  ] Stopped target User and Group Name Lookups.
[  OK  ] Stopped target Basic System.
[  OK  ] Stopped target Paths.
[  OK  ] Stopped Dispatch Password Requests to Console Directory Watch.
[  OK  ] Stopped ACPI Events Check.
[  OK  ] Stopped Forward Password Requests to Wall Directory Watch.
[  OK  ] Stopped target Slices.
[  OK  ] Removed slice User and Session Slice.
[  OK  ] Stopped target Sockets.
[  OK  ] Closed Socket activation for snappy daemon.
[  OK  ] Closed ACPID Listen Socket.
[  OK  ] Closed Syslog Socket.
[  OK  ] Closed LXD - unix socket.
[  OK  ] Closed UUID daemon activation socket.
[  OK  ] Closed D-Bus System Message Bus Socket.
[  OK  ] Stopped target System Initialization.
         Stopping Load/Save Random Seed...
[  OK  ] Stopped Commit a transient machine-id on disk.
[  OK  ] Stopped target Swap.
[  OK  ] Stopped target Encrypted Volumes.
         Stopping Update UTMP about System Boot/Shutdown...
[  OK  ] Stopped Load/Save Random Seed.
[  OK  ] Stopped Login to default iSCSI targets.
[  OK  ] Stopped Update UTMP about System Boot/Shutdown.
[  OK  ] Stopped Create Volatile Files and Directories.
         Stopping iSCSI initiator daemon (iscsid)...
[  OK  ] Stopped iSCSI initiator daemon (iscsid).
[  OK  ] Stopped target Network is Online.
[  OK  ] Stopped Initial cloud-init job (metadata service crawler).
[  OK  ] Stopped target Network.
         Stopping Raise network interfaces...
[  OK  ] Stopped Raise network interfaces.
[  OK  ] Stopped Apply Kernel Variables.
[  OK  ] Stopped target Local File Systems.
         Unmounting /run/user/1000...
[  OK  ] Stopped target Network (Pre).
[  OK  ] Stopped Initial cloud-init job (pre-networking).
[  OK  ] Stopped Load Kernel Modules.
[  OK  ] Unmounted /run/user/1000.
[  OK  ] Reached target Unmount All Filesystems.
[  OK  ] Stopped target Local File Systems (Pre).
         Stopping Monitoring of LVM2 mirrors... dmeventd or progress polling...
[  OK  ] Stopped Remount Root and Kernel File Systems.
[  OK  ] Stopped Create Static Device Nodes in /dev.
[  OK  ] Reached target Shutdown.
[  753.726534] reboot: Power down
